[2021-03-15 16:05:57] [DEBUG] 请求url:http://test-bd.tojoyuser.com/tojoy-api/tjcloud/customerPhone;请求头:{'requestId': '1', 'timestamp': '1615795557755', 'authentication': 'BA50748382B8CF6FF734CF519D0AE3EF'};请求数据:{'phone': '17390211101', 'acType': '1'}
[2021-03-15 16:07:33] [DEBUG] 请求url:http://test-bd.tojoyuser.com/tojoy-api/tjcloud/certify;请求头:{'Content-Type': 'application/json', 'requestId': '1', 'timestamp': '1615795653575', 'authentication': '118142C2C0250727610FCB660173DC69'};请求数据:{'company': '象州县勃生水果技术开发有限公司', 'mobile': '17390211101', 'trueName': '付廖斌', 'title': '高管', 'servantOa': '99999', 'acType': '1'}
[2021-03-15 16:07:33] [DEBUG] 请求url:http://test-bd.tojoyuser.com/tojoy-api/tjcloud/customerPhone;请求头:{'requestId': '1', 'timestamp': '1615795653921', 'authentication': '97EF3971FFDB0D2806E8CCC82AB308DC'};请求数据:{'phone': '17390211101', 'acType': '1'}
[2021-03-15 16:07:35] [DEBUG] 请求url:http://test-bd.tojoyuser.com/tojoy-api/tjcloud/certify;请求头:{'Content-Type': 'application/json', 'requestId': '1', 'timestamp': '1615795655977', 'authentication': '2D1CCB815BC7D4C0C987E77F9732E998'};请求数据:{'company': '象州县勃生水果技术开发有限公司', 'mobile': '17390211101', 'trueName': '付廖斌', 'title': '高管', 'servantOa': '99999', 'acType': '1'}
[2021-03-15 16:07:36] [DEBUG] 请求url:http://test-bd.tojoyuser.com/tojoy-api/tjcloud/customerPhone;请求头:{'requestId': '1', 'timestamp': '1615795656193', 'authentication': '6F0698009999F70A64C3A765B7523E6D'};请求数据:{'phone': '17390211101', 'acType': '1'}
[2021-03-15 16:07:45] [DEBUG] 请求url:http://test-bd.tojoyuser.com/tojoy-api/tjcloud/certify;请求头:{'Content-Type': 'application/json', 'requestId': '1', 'timestamp': '1615795665670', 'authentication': '7D1354F4854E20FD9E9FC59E222224C4'};请求数据:{'company': '象州县勃生水果技术开发有限公司', 'mobile': '17390211101', 'trueName': '付廖斌', 'title': '高管', 'servantOa': '99999', 'acType': '2'}
[2021-03-15 16:07:45] [DEBUG] 请求url:http://test-bd.tojoyuser.com/tojoy-api/tjcloud/customerPhone;请求头:{'requestId': '1', 'timestamp': '1615795665924', 'authentication': 'DD893A184F156A8D8E7D2B05D2E7B6D8'};请求数据:{'phone': '17390211101', 'acType': '2'}
[2021-03-15 16:07:54] [DEBUG] 请求url:http://test-bd.tojoyuser.com/tojoy-api/tjcloud/certify;请求头:{'Content-Type': 'application/json', 'requestId': '1', 'timestamp': '1615795674489', 'authentication': '3A33DB030F32252F24A7D736DA237886'};请求数据:{'company': '象州县勃生水果技术开发有限公司', 'mobile': '17390211101', 'trueName': '付廖斌', 'title': '高管', 'servantOa': '99999', 'acType': '3'}
[2021-03-15 16:07:54] [DEBUG] 请求url:http://test-bd.tojoyuser.com/tojoy-api/tjcloud/customerPhone;请求头:{'requestId': '1', 'timestamp': '1615795674674', 'authentication': '6A9C9E4DCD62A711AD645F1185B04D0D'};请求数据:{'phone': '17390211101', 'acType': '3'}
[2021-03-15 16:08:17] [DEBUG] 请求url:http://test-bd.tojoyuser.com/tojoy-api/tjcloud/certify;请求头:{'Content-Type': 'application/json', 'requestId': '1', 'timestamp': '1615795697580', 'authentication': '4D3D8FAB3AC56F3DD6CA99846321558B'};请求数据:{'company': '象州县勃生水果技术开发有限公司', 'mobile': '17390211101', 'trueName': '付廖斌', 'title': '高管', 'servantOa': '99999'}
[2021-03-15 16:08:17] [DEBUG] 请求url:http://test-bd.tojoyuser.com/tojoy-api/tjcloud/customerPhone;请求头:{'requestId': '1', 'timestamp': '1615795697797', 'authentication': 'DDBD01BB88357332205647F5E4068462'};请求数据:{'phone': '17390211101'}
[2021-03-15 16:08:26] [DEBUG] 请求url:http://test-bd.tojoyuser.com/tojoy-api/tjcloud/certify;请求头:{'Content-Type': 'application/json', 'requestId': '1', 'timestamp': '1615795706683', 'authentication': 'C5D4A837F22ADCEA620C345051987E1B'};请求数据:{'company': '象州县勃生水果技术开发有限公司', 'mobile': '17390211101', 'trueName': '付廖斌', 'title': '高管', 'servantOa': '99999'}
[2021-03-15 16:08:26] [DEBUG] 请求url:http://test-bd.tojoyuser.com/tojoy-api/tjcloud/customerPhone;请求头:{'requestId': '1', 'timestamp': '1615795706868', 'authentication': 'C451BC938589AD4FE5E94A825851BC9E'};请求数据:{'phone': '17390211101'}
[2021-03-15 16:08:31] [DEBUG] 请求url:http://test-bd.tojoyuser.com/tojoy-api/tjcloud/certify;请求头:{'Content-Type': 'application/json', 'requestId': '1', 'timestamp': '1615795711505', 'authentication': '3CF591A6B2113F095B8777DE3119E27A'};请求数据:{'company': '象州县勃生水果技术开发有限公司', 'mobile': '17390211101', 'trueName': '付廖斌', 'title': '高管', 'servantOa': '99999'}
[2021-03-15 16:08:31] [DEBUG] 请求url:http://test-bd.tojoyuser.com/tojoy-api/tjcloud/customerPhone;请求头:{'requestId': '1', 'timestamp': '1615795711683', 'authentication': '1B81DF854F3A35A20E31A572153AA18C'};请求数据:{'phone': '17390211101'}
[2021-03-15 16:11:00] [DEBUG] 请求url:http://test-bd.tojoyuser.com/tojoy-api/tjcloud/certify;请求头:{'Content-Type': 'application/json', 'requestId': '1', 'timestamp': '1615795860341', 'authentication': '55CB707E9CF91946703D623A18835864'};请求数据:{'company': '象州县勃生水果技术开发有限公司', 'mobile': '17390211101', 'trueName': '付廖斌', 'title': '高管', 'servantOa': '99999', 'acType': '3'}
[2021-03-15 16:11:00] [DEBUG] 请求url:http://test-bd.tojoyuser.com/tojoy-api/tjcloud/customerPhone;请求头:{'requestId': '1', 'timestamp': '1615795860668', 'authentication': 'F6B2E687F18C1AD1CB85831688684373'};请求数据:{'phone': '17390211101', 'acType': '3'}
[2021-03-15 16:54:01] [DEBUG] 请求url:http://test-bd.tojoyuser.com/tojoy-api/tjcloud/certify;请求头:{'Content-Type': 'application/json', 'requestId': '1', 'timestamp': '1615798441047', 'authentication': '680861185E3D7260EA56F1EA803065C2'};请求数据:{'company': '象州县勃生水果技术开发有限公司', 'mobile': '17390211101', 'trueName': '付廖斌', 'title': '高管', 'servantOa': '99999', 'acType': '3'}
[2021-03-15 16:54:01] [DEBUG] 请求url:http://test-bd.tojoyuser.com/tojoy-api/tjcloud/customerPhone;请求头:{'requestId': '1', 'timestamp': '1615798441244', 'authentication': '11D1FC6D713331CEE5D7DA5FC69BD3B8'};请求数据:{'phone': '15062545711', 'acType': '3'}
[2021-03-15 17:02:53] [DEBUG] 请求url:http://test-bd.tojoyuser.com/tojoy-api/tjcloud/certify;请求头:{'Content-Type': 'application/json', 'requestId': '1', 'timestamp': '1615798973763', 'authentication': 'C29AE004389D46AFE157A5015AE66CE1'};请求数据:{'company': '象州县勃生水果技术开发有限公司', 'mobile': '17390211101', 'trueName': '付廖斌', 'title': '高管', 'servantOa': '99999', 'acType': '3'}
[2021-03-15 17:02:53] [DEBUG] 请求url:http://test-bd.tojoyuser.com/tojoy-api/tjcloud/customerPhone;请求头:{'requestId': '1', 'timestamp': '1615798973890', 'authentication': '3AEE98F339D540F27D573B4CFEBFAC37'};请求数据:{'phone': '15062545711', 'acType': '1'}
[2021-03-15 17:03:59] [DEBUG] 请求url:http://test-bd.tojoyuser.com/tojoy-api/tjcloud/certify;请求头:{'Content-Type': 'application/json', 'requestId': '1', 'timestamp': '1615799039191', 'authentication': 'F0AC08118FC59441197D1F550DD66EC5'};请求数据:{'company': '象州县勃生水果技术开发有限公司', 'mobile': '17390211101', 'trueName': '付廖斌', 'title': '高管', 'servantOa': '99999', 'acType': '3'}
[2021-03-15 17:03:59] [DEBUG] 请求url:http://test-bd.tojoyuser.com/tojoy-api/tjcloud/customerPhone;请求头:{'requestId': '1', 'timestamp': '1615793425085', 'authentication': '74ECC1E256A6A842135B28303D0CE003'};请求数据:{'phone': '15062545711', 'acType': '1'}
[2021-03-15 17:04:30] [DEBUG] 请求url:http://test-bd.tojoyuser.com/tojoy-api/tjcloud/customerPhone;请求头:{'requestId': '1', 'timestamp': '1615793425085', 'authentication': '3191C76CA0FA4F595819EA381EFB94B3'};请求数据:{'phone': '17733451403', 'acType': '1'}
[2021-03-15 17:05:10] [DEBUG] 请求url:http://test-bd.tojoyuser.com/tojoy-api/tjcloud/customerPhone;请求头:{'requestId': '1', 'timestamp': '1615793425085', 'authentication': '3191C76CA0FA4F595819EA381EFB94B3'};请求数据:{'phone': '17733451403', 'acType': '1'}
[2021-03-15 17:05:29] [DEBUG] 请求url:http://test-bd.tojoyuser.com/tojoy-api/tjcloud/customerPhone;请求头:{'requestId': '1', 'timestamp': '1615793425085', 'authentication': '3191C76CA0FA4F595819EA381EFB94B3'};请求数据:{'phone': '17733451403', 'acType': '1'}
[2021-03-15 17:06:07] [DEBUG] 请求url:http://test-bd.tojoyuser.com/tojoy-api/tjcloud/customerPhone;请求头:{'requestId': '1', 'timestamp': '1615793425085', 'authentication': '3191C76CA0FA4F595819EA381EFB94B3'};请求数据:{'phone': '17733451403', 'acType': '1'}
[2021-03-15 17:22:41] [DEBUG] 请求url:http://test-bd.tojoyuser.com/tojoy-api/tjcloud/customerPhone;请求头:{'requestId': '1', 'timestamp': '1615800161485', 'authentication': '4C17AF3500FFA44F61C034F537893E5E'};请求数据:{'phone': '17733451403', 'acType': '1'}
[2021-03-15 17:28:10] [DEBUG] 请求url:http://test-bd.tojoyuser.com/tojoy-api/tjcloud/customerPhone;请求头:{'requestId': '1', 'timestamp': '1615800150299', 'authentication': 'FA19586B83E096167A101F02E77A4052'};请求数据:{'phone': '17733451403', 'acType': '1'}
[2021-03-15 17:28:34] [DEBUG] 请求url:http://test-bd.tojoyuser.com/tojoy-api/tjcloud/customerPhone;请求头:{'requestId': '1', 'timestamp': '1615800150299', 'authentication': 'FA19586B83E096167A101F02E77A4052'};请求数据:{'phone': '17733451403', 'acType': '1'}
